[2019-02-25 21:23:38.198] [exthost1] [info] extension host started
[2019-02-25 21:23:38.246] [exthost1] [info] ExtensionService#_doActivateExtension vscode.debug-auto-launch {"startup":true,"activationEvent":"*"}
[2019-02-25 21:23:38.247] [exthost1] [info] ExtensionService#loadCommonJSModule c:\Users\Evan Molinelli\.codemix\engine\resources\app\extensions\debug-auto-launch\out\extension
[2019-02-25 21:23:38.269] [exthost1] [info] ExtensionService#_doActivateExtension vscode.emmet {"startup":true,"activationEvent":"*"}
[2019-02-25 21:23:38.269] [exthost1] [info] ExtensionService#loadCommonJSModule c:\Users\Evan Molinelli\.codemix\engine\resources\app\extensions\emmet\dist\extension
[2019-02-25 21:23:38.384] [exthost1] [info] ExtensionService#_doActivateExtension vscode.merge-conflict {"startup":true,"activationEvent":"*"}
[2019-02-25 21:23:38.384] [exthost1] [info] ExtensionService#loadCommonJSModule c:\Users\Evan Molinelli\.codemix\engine\resources\app\extensions\merge-conflict\out\extension
[2019-02-25 21:23:38.728] [exthost1] [info] ExtensionService#_doActivateExtension vscode.search-rg {"startup":true,"activationEvent":"*"}
[2019-02-25 21:23:38.728] [exthost1] [info] ExtensionService#loadCommonJSModule c:\Users\Evan Molinelli\.codemix\engine\resources\app\extensions\search-rg\out\extension
[2019-02-25 21:23:38.918] [exthost1] [info] ExtensionService#_doActivateExtension christian-kohler.path-intellisense {"startup":true,"activationEvent":"*"}
[2019-02-25 21:23:38.918] [exthost1] [info] ExtensionService#loadCommonJSModule C:\Users\Evan Molinelli\.codemix\extensions\christian-kohler.path-intellisense-1.4.2\out\src\extension
[2019-02-25 21:23:39.037] [exthost1] [info] ExtensionService#_doActivateExtension dbaeumer.vscode-eslint {"startup":true,"activationEvent":"*"}
[2019-02-25 21:23:39.037] [exthost1] [info] ExtensionService#loadCommonJSModule C:\Users\Evan Molinelli\.codemix\extensions\dbaeumer.vscode-eslint-1.4.10\client\out\extension
[2019-02-25 21:23:39.434] [exthost1] [info] ExtensionService#_doActivateExtension formulahendry.auto-close-tag {"startup":true,"activationEvent":"*"}
[2019-02-25 21:23:39.434] [exthost1] [info] ExtensionService#loadCommonJSModule C:\Users\Evan Molinelli\.codemix\extensions\formulahendry.auto-close-tag-0.5.6\out\src\extension
[2019-02-25 21:23:39.439] [exthost1] [info] ExtensionService#_doActivateExtension formulahendry.auto-rename-tag {"startup":true,"activationEvent":"*"}
[2019-02-25 21:23:39.439] [exthost1] [info] ExtensionService#loadCommonJSModule C:\Users\Evan Molinelli\.codemix\extensions\formulahendry.auto-rename-tag-0.0.15\out\src\extension
[2019-02-25 21:23:39.446] [exthost1] [info] eager extensions activated
[2019-02-25 21:23:40.961] [exthost1] [info] extension host started
[2019-02-25 21:23:41.002] [exthost1] [info] ExtensionService#_doActivateExtension vscode.debug-auto-launch {"startup":true,"activationEvent":"*"}
[2019-02-25 21:23:41.003] [exthost1] [info] ExtensionService#loadCommonJSModule c:\Users\Evan Molinelli\.codemix\engine\resources\app\extensions\debug-auto-launch\out\extension
[2019-02-25 21:23:41.016] [exthost1] [info] ExtensionService#_doActivateExtension vscode.emmet {"startup":true,"activationEvent":"*"}
[2019-02-25 21:23:41.016] [exthost1] [info] ExtensionService#loadCommonJSModule c:\Users\Evan Molinelli\.codemix\engine\resources\app\extensions\emmet\dist\extension
[2019-02-25 21:23:41.129] [exthost1] [info] ExtensionService#_doActivateExtension vscode.merge-conflict {"startup":true,"activationEvent":"*"}
[2019-02-25 21:23:41.129] [exthost1] [info] ExtensionService#loadCommonJSModule c:\Users\Evan Molinelli\.codemix\engine\resources\app\extensions\merge-conflict\out\extension
[2019-02-25 21:23:41.189] [exthost1] [info] ExtensionService#_doActivateExtension vscode.search-rg {"startup":true,"activationEvent":"*"}
[2019-02-25 21:23:41.190] [exthost1] [info] ExtensionService#loadCommonJSModule c:\Users\Evan Molinelli\.codemix\engine\resources\app\extensions\search-rg\out\extension
[2019-02-25 21:23:41.241] [exthost1] [info] ExtensionService#_doActivateExtension christian-kohler.path-intellisense {"startup":true,"activationEvent":"*"}
[2019-02-25 21:23:41.241] [exthost1] [info] ExtensionService#loadCommonJSModule C:\Users\Evan Molinelli\.codemix\extensions\christian-kohler.path-intellisense-1.4.2\out\src\extension
[2019-02-25 21:23:41.318] [exthost1] [info] ExtensionService#_doActivateExtension dbaeumer.vscode-eslint {"startup":true,"activationEvent":"*"}
[2019-02-25 21:23:41.321] [exthost1] [info] ExtensionService#loadCommonJSModule C:\Users\Evan Molinelli\.codemix\extensions\dbaeumer.vscode-eslint-1.4.10\client\out\extension
[2019-02-25 21:23:41.560] [exthost1] [info] ExtensionService#_doActivateExtension formulahendry.auto-close-tag {"startup":true,"activationEvent":"*"}
[2019-02-25 21:23:41.560] [exthost1] [info] ExtensionService#loadCommonJSModule C:\Users\Evan Molinelli\.codemix\extensions\formulahendry.auto-close-tag-0.5.6\out\src\extension
[2019-02-25 21:23:41.564] [exthost1] [info] ExtensionService#_doActivateExtension formulahendry.auto-rename-tag {"startup":true,"activationEvent":"*"}
[2019-02-25 21:23:41.564] [exthost1] [info] ExtensionService#loadCommonJSModule C:\Users\Evan Molinelli\.codemix\extensions\formulahendry.auto-rename-tag-0.0.15\out\src\extension
[2019-02-25 21:23:41.573] [exthost1] [info] eager extensions activated
[2019-02-25 21:23:41.573] [exthost1] [info] ExtensionService#_doActivateExtension vscode.configuration-editing {"startup":false,"activationEvent":"onLanguage:jsonc"}
[2019-02-25 21:23:41.573] [exthost1] [info] ExtensionService#loadCommonJSModule c:\Users\Evan Molinelli\.codemix\engine\resources\app\extensions\configuration-editing\out\extension
[2019-02-25 21:23:41.593] [exthost1] [info] ExtensionService#_doActivateExtension vscode.json-language-features {"startup":false,"activationEvent":"onLanguage:jsonc"}
[2019-02-25 21:23:41.593] [exthost1] [info] ExtensionService#loadCommonJSModule c:\Users\Evan Molinelli\.codemix\engine\resources\app\extensions\json-language-features\client\dist\jsonMain
[2019-02-25 21:23:41.969] [exthost1] [info] ExtensionService#_doActivateExtension vscode.typescript-language-features {"startup":false,"activationEvent":"onLanguage:jsonc"}
[2019-02-25 21:23:41.969] [exthost1] [info] ExtensionService#loadCommonJSModule c:\Users\Evan Molinelli\.codemix\engine\resources\app\extensions\typescript-language-features\dist\extension
[2019-02-25 21:23:42.240] [exthost1] [info] ExtensionService#_doActivateExtension vscode.grunt {"startup":false,"activationEvent":"onCommand:workbench.action.tasks.runTask"}
[2019-02-25 21:23:42.240] [exthost1] [info] ExtensionService#loadCommonJSModule c:\Users\Evan Molinelli\.codemix\engine\resources\app\extensions\grunt\out\main
[2019-02-25 21:23:42.247] [exthost1] [info] ExtensionService#_doActivateExtension vscode.gulp {"startup":false,"activationEvent":"onCommand:workbench.action.tasks.runTask"}
[2019-02-25 21:23:42.247] [exthost1] [info] ExtensionService#loadCommonJSModule c:\Users\Evan Molinelli\.codemix\engine\resources\app\extensions\gulp\out\main
[2019-02-25 21:23:42.254] [exthost1] [info] ExtensionService#_doActivateExtension vscode.jake {"startup":false,"activationEvent":"onCommand:workbench.action.tasks.runTask"}
[2019-02-25 21:23:42.254] [exthost1] [info] ExtensionService#loadCommonJSModule c:\Users\Evan Molinelli\.codemix\engine\resources\app\extensions\jake\out\main
[2019-02-25 21:23:42.262] [exthost1] [info] ExtensionService#_doActivateExtension vscode.npm {"startup":false,"activationEvent":"onCommand:workbench.action.tasks.runTask"}
[2019-02-25 21:23:42.262] [exthost1] [info] ExtensionService#loadCommonJSModule c:\Users\Evan Molinelli\.codemix\engine\resources\app\extensions\npm\out\main
